# JRE version: OpenJDK Runtime Environment (11.0.11) (build 11.0.11+0-b60-7590822)
# Java VM: OpenJDK 64-Bit Server VM (11.0.11+0-b60-7590822, mixed mode, tiered, compressed oops, g1 gc, linux-amd64)
Heap:
 garbage-first heap   total 256000K, used 204048K [0x0000000080000000, 0x0000000100000000)
  region size 1024K, 67 young (68608K), 8 survivors (8192K)
 Metaspace       used 174429K, capacity 178340K, committed 178908K, reserved 1206272K
  class space    used 20710K, capacity 22031K, committed 22144K, reserved 1048576K
GC Heap History (20 events):
Event: 1274.384 GC heap after
{Heap after GC invocations=61 (full 0):
 garbage-first heap   total 256000K, used 142206K [0x0000000080000000, 0x0000000100000000)
  region size 1024K, 4 young (4096K), 4 survivors (4096K)
 Metaspace       used 163984K, capacity 167532K, committed 168028K, reserved 1196032K
  class space    used 19663K, capacity 20893K, committed 20992K, reserved 1048576K
}
Event: 1275.486 GC heap before
{Heap before GC invocations=62 (full 0):
 garbage-first heap   total 256000K, used 204670K [0x0000000080000000, 0x0000000100000000)
  region size 1024K, 67 young (68608K), 4 survivors (4096K)
 Metaspace       used 164755K, capacity 168311K, committed 168796K, reserved 1198080K
  class space    used 19682K, capacity 20936K, committed 20992K, reserved 1048576K
}
Event: 1275.506 GC heap after
{Heap after GC invocations=63 (full 0):
 garbage-first heap   total 256000K, used 142860K [0x0000000080000000, 0x0000000100000000)
  region size 1024K, 6 young (6144K), 6 survivors (6144K)
 Metaspace       used 164755K, capacity 168311K, committed 168796K, reserved 1198080K
  class space    used 19682K, capacity 20936K, committed 20992K, reserved 1048576K
}
Event: 1275.587 GC heap before
{Heap before GC invocations=63 (full 0):
 garbage-first heap   total 256000K, used 147980K [0x0000000080000000, 0x0000000100000000)
  region size 1024K, 12 young (12288K), 6 survivors (6144K)
 Metaspace       used 164840K, capacity 168386K, committed 168796K, reserved 1198080K
  class space    used 19684K, capacity 20939K, committed 20992K, reserved 1048576K
}
Event: 1275.608 GC heap after
{Heap after GC invocations=64 (full 0):
 garbage-first heap   total 256000K, used 142534K [0x0000000080000000, 0x0000000100000000)
  region size 1024K, 1 young (1024K), 1 survivors (1024K)
 Metaspace       used 164840K, capacity 168386K, committed 168796K, reserved 1198080K
  class space    used 19684K, capacity 20939K, committed 20992K, reserved 1048576K
}
Event: 1298.742 GC heap before
{Heap before GC invocations=64 (full 0):
 garbage-first heap   total 256000K, used 209094K [0x0000000080000000, 0x0000000100000000)
  region size 1024K, 67 young (68608K), 1 survivors (1024K)
 Metaspace       used 164999K, capacity 168521K, committed 169052K, reserved 1198080K
  class space    used 19684K, capacity 20939K, committed 20992K, reserved 1048576K
}
Event: 1298.772 GC heap after
{Heap after GC invocations=65 (full 0):
 garbage-first heap   total 256000K, used 148630K [0x0000000080000000, 0x0000000100000000)
  region size 1024K, 7 young (7168K), 7 survivors (7168K)
 Metaspace       used 164999K, capacity 168521K, committed 169052K, reserved 1198080K
  class space    used 19684K, capacity 20939K, committed 20992K, reserved 1048576K
}
Event: 1300.721 GC heap before
{Heap before GC invocations=66 (full 0):
 garbage-first heap   total 256000K, used 212118K [0x0000000080000000, 0x0000000100000000)
  region size 1024K, 68 young (69632K), 7 survivors (7168K)
 Metaspace       used 165601K, capacity 169416K, committed 169692K, reserved 1198080K
  class space    used 19768K, capacity 21110K, committed 21120K, reserved 1048576K
}
Event: 1300.745 GC heap after
{Heap after GC invocations=67 (full 0):
 garbage-first heap   total 256000K, used 159996K [0x0000000080000000, 0x0000000100000000)
  region size 1024K, 9 young (9216K), 9 survivors (9216K)
 Metaspace       used 165601K, capacity 169416K, committed 169692K, reserved 1198080K
  class space    used 19768K, capacity 21110K, committed 21120K, reserved 1048576K
}
Event: 1300.776 GC heap before
{Heap before GC invocations=67 (full 0):
 garbage-first heap   total 256000K, used 163068K [0x0000000080000000, 0x0000000100000000)
  region size 1024K, 12 young (12288K), 9 survivors (9216K)
 Metaspace       used 165601K, capacity 169416K, committed 169692K, reserved 1198080K
  class space    used 19768K, capacity 21110K, committed 21120K, reserved 1048576K
}
Event: 1300.814 GC heap after
{Heap after GC invocations=68 (full 0):
 garbage-first heap   total 256000K, used 155648K [0x0000000080000000, 0x0000000100000000)
  region size 1024K, 2 young (2048K), 2 survivors (2048K)
 Metaspace       used 165601K, capacity 169416K, committed 169692K, reserved 1198080K
  class space    used 19768K, capacity 21110K, committed 21120K, reserved 1048576K
}
Event: 1301.001 GC heap before
{Heap before GC invocations=68 (full 0):
 garbage-first heap   total 256000K, used 187392K [0x0000000080000000, 0x0000000100000000)
  region size 1024K, 35 young (35840K), 2 survivors (2048K)
 Metaspace       used 166744K, capacity 170536K, committed 170844K, reserved 1200128K
  class space    used 19872K, capacity 21206K, committed 21248K, reserved 1048576K
}
Event: 1301.037 GC heap after
{Heap after GC invocations=69 (full 0):
 garbage-first heap   total 256000K, used 161792K [0x0000000080000000, 0x0000000100000000)
  region size 1024K, 7 young (7168K), 7 survivors (7168K)
 Metaspace       used 166744K, capacity 170536K, committed 170844K, reserved 1200128K
  class space    used 19872K, capacity 21206K, committed 21248K, reserved 1048576K
}
Event: 1301.823 GC heap before
{Heap before GC invocations=70 (full 0):
 garbage-first heap   total 256000K, used 206848K [0x0000000080000000, 0x0000000100000000)
  region size 1024K, 54 young (55296K), 7 survivors (7168K)
 Metaspace       used 173652K, capacity 177499K, committed 178012K, reserved 1206272K
  class space    used 20656K, capacity 21988K, committed 22016K, reserved 1048576K
}
Event: 1301.844 GC heap after
{Heap after GC invocations=71 (full 0):
 garbage-first heap   total 256000K, used 159872K [0x0000000080000000, 0x0000000100000000)
  region size 1024K, 3 young (3072K), 3 survivors (3072K)
 Metaspace       used 173652K, capacity 177499K, committed 178012K, reserved 1206272K
  class space    used 20656K, capacity 21988K, committed 22016K, reserved 1048576K
}
Event: 1301.892 GC heap before
{Heap before GC invocations=71 (full 0):
 garbage-first heap   total 256000K, used 169088K [0x0000000080000000, 0x0000000100000000)
  region size 1024K, 12 young (12288K), 3 survivors (3072K)
 Metaspace       used 173653K, capacity 177499K, committed 178012K, reserved 1206272K
  class space    used 20656K, capacity 21988K, committed 22016K, reserved 1048576K
}
Event: 1301.923 GC heap after
{Heap after GC invocations=72 (full 0):
 garbage-first heap   total 256000K, used 141312K [0x0000000080000000, 0x0000000100000000)
  region size 1024K, 1 young (1024K), 1 survivors (1024K)
 Metaspace       used 173653K, capacity 177499K, committed 178012K, reserved 1206272K
  class space    used 20656K, capacity 21988K, committed 22016K, reserved 1048576K
}
Event: 1302.376 GC heap before
{Heap before GC invocations=72 (full 0):
 garbage-first heap   total 256000K, used 200704K [0x0000000080000000, 0x0000000100000000)
  region size 1024K, 59 young (60416K), 1 survivors (1024K)
 Metaspace       used 173817K, capacity 177696K, committed 178012K, reserved 1206272K
  class space    used 20656K, capacity 21988K, committed 22016K, reserved 1048576K
}
Event: 1302.390 GC heap after
{Heap after GC invocations=73 (full 0):
 garbage-first heap   total 256000K, used 143632K [0x0000000080000000, 0x0000000100000000)
  region size 1024K, 4 young (4096K), 4 survivors (4096K)
 Metaspace       used 173817K, capacity 177696K, committed 178012K, reserved 1206272K
  class space    used 20656K, capacity 21988K, committed 22016K, reserved 1048576K
}
Event: 1303.284 GC heap before
{Heap before GC invocations=74 (full 0):
 garbage-first heap   total 256000K, used 203024K [0x0000000080000000, 0x0000000100000000)
  region size 1024K, 63 young (64512K), 4 survivors (4096K)
 Metaspace       used 174429K, capacity 178340K, committed 178908K, reserved 1206272K
  class space    used 20710K, capacity 22031K, committed 22144K, reserved 1048576K
}

