# JRE version: OpenJDK Runtime Environment (11.0.11) (build 11.0.11+0-b60-7590822)
# Java VM: OpenJDK 64-Bit Server VM (11.0.11+0-b60-7590822, mixed mode, tiered, compressed oops, g1 gc, linux-amd64)
Heap:
 garbage-first heap   total 307200K, used 112540K [0x0000000080000000, 0x0000000100000000)
  region size 1024K, 29 young (29696K), 12 survivors (12288K)
 Metaspace       used 101030K, capacity 103693K, committed 103940K, reserved 1138688K
  class space    used 13030K, capacity 14030K, committed 14136K, reserved 1048576K
GC Heap History (20 events):
Event: 9.506 GC heap before
{Heap before GC invocations=4 (full 0):
 garbage-first heap   total 256000K, used 47337K [0x0000000080000000, 0x0000000100000000)
  region size 1024K, 37 young (37888K), 5 survivors (5120K)
 Metaspace       used 20545K, capacity 21014K, committed 21248K, reserved 1067008K
  class space    used 2509K, capacity 2690K, committed 2816K, reserved 1048576K
}
Event: 9.554 GC heap after
{Heap after GC invocations=5 (full 0):
 garbage-first heap   total 256000K, used 17632K [0x0000000080000000, 0x0000000100000000)
  region size 1024K, 2 young (2048K), 2 survivors (2048K)
 Metaspace       used 20545K, capacity 21014K, committed 21248K, reserved 1067008K
  class space    used 2509K, capacity 2690K, committed 2816K, reserved 1048576K
}
Event: 10.897 GC heap before
{Heap before GC invocations=6 (full 0):
 garbage-first heap   total 256000K, used 64736K [0x0000000080000000, 0x0000000100000000)
  region size 1024K, 49 young (50176K), 2 survivors (2048K)
 Metaspace       used 25588K, capacity 26181K, committed 26368K, reserved 1073152K
  class space    used 3334K, capacity 3563K, committed 3584K, reserved 1048576K
}
Event: 10.905 GC heap after
{Heap after GC invocations=7 (full 0):
 garbage-first heap   total 256000K, used 19518K [0x0000000080000000, 0x0000000100000000)
  region size 1024K, 4 young (4096K), 4 survivors (4096K)
 Metaspace       used 25588K, capacity 26181K, committed 26368K, reserved 1073152K
  class space    used 3334K, capacity 3563K, committed 3584K, reserved 1048576K
}
Event: 12.583 GC heap before
{Heap before GC invocations=7 (full 0):
 garbage-first heap   total 256000K, used 81982K [0x0000000080000000, 0x0000000100000000)
  region size 1024K, 66 young (67584K), 4 survivors (4096K)
 Metaspace       used 34885K, capacity 35626K, committed 35840K, reserved 1081344K
  class space    used 4543K, capacity 4843K, committed 4864K, reserved 1048576K
}
Event: 12.618 GC heap after
{Heap after GC invocations=8 (full 0):
 garbage-first heap   total 256000K, used 23147K [0x0000000080000000, 0x0000000100000000)
  region size 1024K, 7 young (7168K), 7 survivors (7168K)
 Metaspace       used 34885K, capacity 35626K, committed 35840K, reserved 1081344K
  class space    used 4543K, capacity 4843K, committed 4864K, reserved 1048576K
}
Event: 16.942 GC heap before
{Heap before GC invocations=9 (full 0):
 garbage-first heap   total 256000K, used 172651K [0x0000000080000000, 0x0000000100000000)
  region size 1024K, 150 young (153600K), 7 survivors (7168K)
 Metaspace       used 46497K, capacity 47794K, committed 47948K, reserved 1091584K
  class space    used 5994K, capacity 6460K, committed 6528K, reserved 1048576K
}
Event: 16.973 GC heap after
{Heap after GC invocations=10 (full 0):
 garbage-first heap   total 256000K, used 31250K [0x0000000080000000, 0x0000000100000000)
  region size 1024K, 15 young (15360K), 15 survivors (15360K)
 Metaspace       used 46497K, capacity 47794K, committed 47948K, reserved 1091584K
  class space    used 5994K, capacity 6460K, committed 6528K, reserved 1048576K
}
Event: 26.936 GC heap before
{Heap before GC invocations=10 (full 0):
 garbage-first heap   total 256000K, used 175634K [0x0000000080000000, 0x0000000100000000)
  region size 1024K, 148 young (151552K), 15 survivors (15360K)
 Metaspace       used 58465K, capacity 60022K, committed 60236K, reserved 1101824K
  class space    used 7397K, capacity 7971K, committed 8064K, reserved 1048576K
}
Event: 26.988 GC heap after
{Heap after GC invocations=11 (full 0):
 garbage-first heap   total 256000K, used 51944K [0x0000000080000000, 0x0000000100000000)
  region size 1024K, 19 young (19456K), 19 survivors (19456K)
 Metaspace       used 58465K, capacity 60022K, committed 60236K, reserved 1101824K
  class space    used 7397K, capacity 7971K, committed 8064K, reserved 1048576K
}
Event: 43.694 GC heap before
{Heap before GC invocations=12 (full 0):
 garbage-first heap   total 256000K, used 186088K [0x0000000080000000, 0x0000000100000000)
  region size 1024K, 150 young (153600K), 19 survivors (19456K)
 Metaspace       used 68160K, capacity 69905K, committed 70220K, reserved 1110016K
  class space    used 8602K, capacity 9218K, committed 9344K, reserved 1048576K
}
Event: 43.745 GC heap after
{Heap after GC invocations=13 (full 0):
 garbage-first heap   total 307200K, used 62705K [0x0000000080000000, 0x0000000100000000)
  region size 1024K, 11 young (11264K), 11 survivors (11264K)
 Metaspace       used 68160K, capacity 69905K, committed 70220K, reserved 1110016K
  class space    used 8602K, capacity 9218K, committed 9344K, reserved 1048576K
}
Event: 58.259 GC heap before
{Heap before GC invocations=13 (full 0):
 garbage-first heap   total 307200K, used 214257K [0x0000000080000000, 0x0000000100000000)
  region size 1024K, 159 young (162816K), 11 survivors (11264K)
 Metaspace       used 80884K, capacity 82791K, committed 83148K, reserved 1122304K
  class space    used 10501K, capacity 11201K, committed 11264K, reserved 1048576K
}
Event: 58.309 GC heap after
{Heap after GC invocations=14 (full 0):
 garbage-first heap   total 307200K, used 71921K [0x0000000080000000, 0x0000000100000000)
  region size 1024K, 20 young (20480K), 20 survivors (20480K)
 Metaspace       used 80884K, capacity 82791K, committed 83148K, reserved 1122304K
  class space    used 10501K, capacity 11201K, committed 11264K, reserved 1048576K
}
Event: 67.700 GC heap before
{Heap before GC invocations=14 (full 0):
 garbage-first heap   total 307200K, used 228593K [0x0000000080000000, 0x0000000100000000)
  region size 1024K, 174 young (178176K), 20 survivors (20480K)
 Metaspace       used 87828K, capacity 90081K, committed 90188K, reserved 1128448K
  class space    used 11301K, capacity 12126K, committed 12160K, reserved 1048576K
}
Event: 67.758 GC heap after
{Heap after GC invocations=15 (full 0):
 garbage-first heap   total 307200K, used 84624K [0x0000000080000000, 0x0000000100000000)
  region size 1024K, 22 young (22528K), 22 survivors (22528K)
 Metaspace       used 87828K, capacity 90081K, committed 90188K, reserved 1128448K
  class space    used 11301K, capacity 12126K, committed 12160K, reserved 1048576K
}
Event: 73.758 GC heap before
{Heap before GC invocations=15 (full 0):
 garbage-first heap   total 307200K, used 233104K [0x0000000080000000, 0x0000000100000000)
  region size 1024K, 168 young (172032K), 22 survivors (22528K)
 Metaspace       used 93999K, capacity 96279K, committed 96588K, reserved 1132544K
  class space    used 12023K, capacity 12855K, committed 12928K, reserved 1048576K
}
Event: 73.816 GC heap after
{Heap after GC invocations=16 (full 0):
 garbage-first heap   total 307200K, used 94108K [0x0000000080000000, 0x0000000100000000)
  region size 1024K, 10 young (10240K), 10 survivors (10240K)
 Metaspace       used 93999K, capacity 96279K, committed 96588K, reserved 1132544K
  class space    used 12023K, capacity 12855K, committed 12928K, reserved 1048576K
}
Event: 76.713 GC heap before
{Heap before GC invocations=16 (full 0):
 garbage-first heap   total 307200K, used 141212K [0x0000000080000000, 0x0000000100000000)
  region size 1024K, 57 young (58368K), 10 survivors (10240K)
 Metaspace       used 98078K, capacity 100628K, committed 100820K, reserved 1136640K
  class space    used 12616K, capacity 13587K, committed 13696K, reserved 1048576K
}
Event: 76.768 GC heap after
{Heap after GC invocations=17 (full 0):
 garbage-first heap   total 307200K, used 96156K [0x0000000080000000, 0x0000000100000000)
  region size 1024K, 12 young (12288K), 12 survivors (12288K)
 Metaspace       used 98078K, capacity 100628K, committed 100820K, reserved 1136640K
  class space    used 12616K, capacity 13587K, committed 13696K, reserved 1048576K
}

